<?xml version="1.0" encoding="UTF-8"?>
<!-- Generated by org.testng.reporters.JUnitReportReporter -->
<testsuite hostname="DESKTOP-V1SH7RT" failures="0" tests="1" name="com.big.demo.TestHelloWorld" time="0.006" errors="0" timestamp="2025-05-26T19:51:43 IST" skipped="0">
  <testcase classname="com.big.demo.TestHelloWorld" name="testHelloWorld" time="0.006"/>
</testsuite> <!-- com.big.demo.TestHelloWorld -->
